<?xml version="1.0" encoding="UTF-8"?>
<testsuite xmlns:xsi="http://www.w3.org/2001/XMLSchema-instance" xsi:noNamespaceSchemaLocation="https://maven.apache.org/surefire/maven-surefire-plugin/xsd/surefire-test-report-3.0.xsd" version="3.0" name="com.curso.productosbd.ProductosbdApplicationTests" time="5.028" tests="1" errors="0" skipped="0" failures="0">
  <properties>
[...]
</properties>
  <testcase name="contextLoads" classname="com.curso.productosbd.ProductosbdApplicationTests" time="0.635">
    <system-out><![CDATA[12:30:27.222 [main] INFO org.springframework.test.context.support.AnnotationConfigContextLoaderUtils -- Could not detect default configuration classes for test class [com.curso.productosbd.ProductosbdApplicationTests]: ProductosbdApplicationTests does not declare any static, non-private, non-final, nested classes annotated with @Configuration.
12:30:27.324 [main] INFO org.springframework.boot.test.context.SpringBootTestContextBootstrapper -- Found @SpringBootConfiguration com.curso.productosbd.ProductosbdApplication for test class com.curso.productosbd.ProductosbdApplicationTests

  .   ____          _            __ _ _
 /\\ / ___'_ __ _ _(_)_ __  __ _ \ \ \ \
( ( )\___ | '_ | '_| | '_ \/ _` | \ \ \ \
 \\/  ___)| |_)| | | | | || (_| |  ) ) ) )
  '  |____| .__|_| |_|_| |_\__, | / / / /
 =========|_|==============|___/=/_/_/_/
 :: Spring Boot ::                (v3.1.4)

2023-10-04T12:30:27.700+02:00  INFO 28340 --- [           main] c.c.p.ProductosbdApplicationTests        : Starting ProductosbdApplicationTests using Java 20.0.2 with PID 28340 (started by 0020807 in c:\MasterJava\productosbd)
2023-10-04T12:30:27.701+02:00  INFO 28340 --- [           main] c.c.p.ProductosbdApplicationTests        : No active profile set, falling back to 1 default profile: "default"
2023-10-04T12:30:28.121+02:00  INFO 28340 --- [           main] .s.d.r.c.RepositoryConfigurationDelegate : Bootstrapping Spring Data JPA repositories in DEFAULT mode.
2023-10-04T12:30:28.157+02:00  INFO 28340 --- [           main] .s.d.r.c.RepositoryConfigurationDelegate : Finished Spring Data repository scanning in 29 ms. Found 1 JPA repository interfaces.
2023-10-04T12:30:28.636+02:00  INFO 28340 --- [           main] com.zaxxer.hikari.HikariDataSource       : HikariPool-1 - Starting...
2023-10-04T12:30:29.097+02:00  INFO 28340 --- [           main] com.zaxxer.hikari.pool.HikariPool        : HikariPool-1 - Added connection com.mysql.cj.jdbc.ConnectionImpl@6661d8c0
2023-10-04T12:30:29.099+02:00  INFO 28340 --- [           main] com.zaxxer.hikari.HikariDataSource       : HikariPool-1 - Start completed.
2023-10-04T12:30:29.208+02:00  INFO 28340 --- [           main] o.hibernate.jpa.internal.util.LogHelper  : HHH000204: Processing PersistenceUnitInfo [name: default]
2023-10-04T12:30:29.288+02:00  INFO 28340 --- [           main] org.hibernate.Version                    : HHH000412: Hibernate ORM core version 6.2.9.Final
2023-10-04T12:30:29.291+02:00  INFO 28340 --- [           main] org.hibernate.cfg.Environment            : HHH000406: Using bytecode reflection optimizer
2023-10-04T12:30:29.458+02:00  INFO 28340 --- [           main] o.h.b.i.BytecodeProviderInitiator        : HHH000021: Bytecode provider name : bytebuddy
2023-10-04T12:30:29.616+02:00  INFO 28340 --- [           main] o.s.o.j.p.SpringPersistenceUnitInfo      : No LoadTimeWeaver setup: ignoring JPA class transformer
2023-10-04T12:30:29.988+02:00  INFO 28340 --- [           main] o.h.b.i.BytecodeProviderInitiator        : HHH000021: Bytecode provider name : bytebuddy
2023-10-04T12:30:30.578+02:00  INFO 28340 --- [           main] o.h.e.t.j.p.i.JtaPlatformInitiator       : HHH000490: Using JtaPlatform implementation: [org.hibernate.engine.transaction.jta.platform.internal.NoJtaPlatform]
2023-10-04T12:30:30.631+02:00  INFO 28340 --- [           main] j.LocalContainerEntityManagerFactoryBean : Initialized JPA EntityManagerFactory for persistence unit 'default'
2023-10-04T12:30:31.054+02:00  WARN 28340 --- [           main] JpaBaseConfiguration$JpaWebConfiguration : spring.jpa.open-in-view is enabled by default. Therefore, database queries may be performed during view rendering. Explicitly configure spring.jpa.open-in-view to disable this warning
2023-10-04T12:30:31.420+02:00  INFO 28340 --- [           main] c.c.p.ProductosbdApplicationTests        : Started ProductosbdApplicationTests in 3.959 seconds (process running for 4.885)
]]></system-out>
  </testcase>
</testsuite>